<?xml version="1.0" encoding="UTF-8"?>
<!-- Generated by org.testng.reporters.JUnitReportReporter -->
<testsuite skipped="0" hostname="PC" name="com.crm.qa.testcases.LoginPageTest" tests="4" failures="0" timestamp="05 Jun 2023 05:59:14 GMT" time="53.454" errors="0">
  <testcase name="loginPageTitleTest" time="12.556" classname="com.crm.qa.testcases.LoginPageTest"/>
  <testcase name="LogoTest" time="10.406" classname="com.crm.qa.testcases.LoginPageTest"/>
  <testcase name="LoginLinkTest" time="13.540" classname="com.crm.qa.testcases.LoginPageTest"/>
  <testcase name="LoginTest" time="16.952" classname="com.crm.qa.testcases.LoginPageTest"/>
</testsuite> <!-- com.crm.qa.testcases.LoginPageTest -->
