<?xml version="1.0" encoding="UTF-8"?>
<!-- Generated by org.testng.reporters.JUnitReportReporter -->
<testsuite skipped="0" hostname="PC" name="com.crm.qa.testcases.HomepageTest" tests="4" failures="0" timestamp="05 Jun 2023 05:59:14 GMT" time="64.603" errors="0">
  <testcase name="HomepageTitleTest" time="14.849" classname="com.crm.qa.testcases.HomepageTest"/>
  <testcase name="validateHomepageLogoTest" time="16.025" classname="com.crm.qa.testcases.HomepageTest"/>
  <testcase name="EditAccountClickTest" time="14.687" classname="com.crm.qa.testcases.HomepageTest"/>
  <testcase name="homepageTest" time="19.042" classname="com.crm.qa.testcases.HomepageTest"/>
</testsuite> <!-- com.crm.qa.testcases.HomepageTest -->
