<?xml version="1.0" encoding="UTF-8"?>
<!-- Generated by org.testng.reporters.JUnitReportReporter -->
<testsuite skipped="0" hostname="PC" name="com.crm.qa.testcases.EditAccountPageTest" tests="8" failures="0" timestamp="05 Jun 2023 05:59:14 GMT" time="140.833" errors="0">
  <testcase name="EditAccountPageTitleTest" time="16.854" classname="com.crm.qa.testcases.EditAccountPageTest"/>
  <testcase name="validateEditAccountPageTest" time="15.870" classname="com.crm.qa.testcases.EditAccountPageTest"/>
  <testcase name="validateFirstNameTest" time="19.157" classname="com.crm.qa.testcases.EditAccountPageTest"/>
  <testcase name="validateLastNameTest" time="19.298" classname="com.crm.qa.testcases.EditAccountPageTest"/>
  <testcase name="vvalidateEMailTest" time="17.104" classname="com.crm.qa.testcases.EditAccountPageTest"/>
  <testcase name="validateTelephoneTest" time="16.489" classname="com.crm.qa.testcases.EditAccountPageTest"/>
  <testcase name="validateclickBackBtnTest" time="18.035" classname="com.crm.qa.testcases.EditAccountPageTest"/>
  <testcase name="validateclickContinueBtnTest" time="18.026" classname="com.crm.qa.testcases.EditAccountPageTest"/>
</testsuite> <!-- com.crm.qa.testcases.EditAccountPageTest -->
